2015-06-03 00:59:08.697 HelloCordova[20262:1158801] DiskCookieStorage changing policy from 2 to 0, cookie file: file:///Users/Luis/Library/Developer/CoreSimulator/Devices/875F71AF-7FFF-4902-9982-7CD73F3F7E4A/data/Containers/Data/Application/F79DC6A5-0DED-4A53-B989-9EB09AFB95E9/Library/Cookies/Cookies.binarycookies
2015-06-03 00:59:09.049 HelloCordova[20262:1158801] Apache Cordova native platform version 3.8.0 is starting.
2015-06-03 00:59:09.050 HelloCordova[20262:1158801] Multi-tasking -> Device: YES, App: YES
2015-06-03 00:59:09.066 HelloCordova[20262:1158801] Unlimited access to network resources
2015-06-03 00:59:09.076 HelloCordova[20262:1158801] 

Started backup to iCloud! Please be careful.
Your application might be rejected by Apple if you store too much data.
For more information please read "iOS Data Storage Guidelines" at:
https://developer.apple.com/icloud/documentation/data-storage/
To disable web storage backup to iCloud, set the BackupWebStorage preference to "local" in the Cordova config.xml file

2015-06-03 00:59:10.351 HelloCordova[20262:1158801] Resetting plugins due to page load.
2015-06-03 00:59:10.531 HelloCordova[20262:1158801] Finished load of: file:///Users/Luis/Library/Developer/CoreSimulator/Devices/875F71AF-7FFF-4902-9982-7CD73F3F7E4A/data/Containers/Bundle/Application/1006DC8B-DE12-43C4-9DAC-128952F9F49F/HelloCordova.app/www/index.html
2015-06-03 01:19:57.132 HelloCordova[20631:1165919] DiskCookieStorage changing policy from 2 to 0, cookie file: file:///Users/Luis/Library/Developer/CoreSimulator/Devices/875F71AF-7FFF-4902-9982-7CD73F3F7E4A/data/Containers/Data/Application/1BEB143F-C7CA-47D9-AF71-7D272C69F0E3/Library/Cookies/Cookies.binarycookies
2015-06-03 01:19:57.499 HelloCordova[20631:1165919] Apache Cordova native platform version 3.8.0 is starting.
2015-06-03 01:19:57.500 HelloCordova[20631:1165919] Multi-tasking -> Device: YES, App: YES
2015-06-03 01:19:57.514 HelloCordova[20631:1165919] Unlimited access to network resources
2015-06-03 01:19:57.526 HelloCordova[20631:1165919] 

Started backup to iCloud! Please be careful.
Your application might be rejected by Apple if you store too much data.
For more information please read "iOS Data Storage Guidelines" at:
https://developer.apple.com/icloud/documentation/data-storage/
To disable web storage backup to iCloud, set the BackupWebStorage preference to "local" in the Cordova config.xml file

2015-06-03 01:19:58.314 HelloCordova[20631:1165919] Resetting plugins due to page load.
2015-06-03 01:19:58.455 HelloCordova[20631:1165919] Finished load of: file:///Users/Luis/Library/Developer/CoreSimulator/Devices/875F71AF-7FFF-4902-9982-7CD73F3F7E4A/data/Containers/Bundle/Application/6AE9ACE9-53B4-438C-B11B-0B0B899521BE/HelloCordova.app/www/index.html
2015-06-03 01:21:00.263 HelloCordova[20701:1166785] DiskCookieStorage changing policy from 2 to 0, cookie file: file:///Users/Luis/Library/Developer/CoreSimulator/Devices/875F71AF-7FFF-4902-9982-7CD73F3F7E4A/data/Containers/Data/Application/EFB1DBBE-4174-403A-8405-0FF522DB1BB7/Library/Cookies/Cookies.binarycookies
2015-06-03 01:21:00.341 HelloCordova[20701:1166785] Apache Cordova native platform version 3.8.0 is starting.
2015-06-03 01:21:00.342 HelloCordova[20701:1166785] Multi-tasking -> Device: YES, App: YES
2015-06-03 01:21:00.344 HelloCordova[20701:1166785] Unlimited access to network resources
2015-06-03 01:21:00.347 HelloCordova[20701:1166785] 

Started backup to iCloud! Please be careful.
Your application might be rejected by Apple if you store too much data.
For more information please read "iOS Data Storage Guidelines" at:
https://developer.apple.com/icloud/documentation/data-storage/
To disable web storage backup to iCloud, set the BackupWebStorage preference to "local" in the Cordova config.xml file

2015-06-03 01:21:00.572 HelloCordova[20701:1166785] Resetting plugins due to page load.
2015-06-03 01:21:00.616 HelloCordova[20701:1166785] Finished load of: file:///Users/Luis/Library/Developer/CoreSimulator/Devices/875F71AF-7FFF-4902-9982-7CD73F3F7E4A/data/Containers/Bundle/Application/9DE3DE65-59B6-47C9-AC0C-B8DA56D9AA58/HelloCordova.app/www/index.html
2015-06-03 01:32:58.141 HelloCordova[20908:1171804] DiskCookieStorage changing policy from 2 to 0, cookie file: file:///Users/Luis/Library/Developer/CoreSimulator/Devices/875F71AF-7FFF-4902-9982-7CD73F3F7E4A/data/Containers/Data/Application/C24229D4-4FFE-4A1E-A1BD-C220D9999009/Library/Cookies/Cookies.binarycookies
2015-06-03 01:32:58.231 HelloCordova[20908:1171804] Apache Cordova native platform version 3.8.0 is starting.
2015-06-03 01:32:58.232 HelloCordova[20908:1171804] Multi-tasking -> Device: YES, App: YES
2015-06-03 01:32:58.234 HelloCordova[20908:1171804] Unlimited access to network resources
2015-06-03 01:32:58.237 HelloCordova[20908:1171804] 

Started backup to iCloud! Please be careful.
Your application might be rejected by Apple if you store too much data.
For more information please read "iOS Data Storage Guidelines" at:
https://developer.apple.com/icloud/documentation/data-storage/
To disable web storage backup to iCloud, set the BackupWebStorage preference to "local" in the Cordova config.xml file

2015-06-03 01:32:58.419 HelloCordova[20908:1171804] Resetting plugins due to page load.
2015-06-03 01:32:58.482 HelloCordova[20908:1171804] Finished load of: file:///Users/Luis/Library/Developer/CoreSimulator/Devices/875F71AF-7FFF-4902-9982-7CD73F3F7E4A/data/Containers/Bundle/Application/B195E8D2-F3DF-41A0-A531-A3EB7674B504/HelloCordova.app/www/index.html
2015-06-03 01:39:02.261 HelloCordova[21021:1174289] DiskCookieStorage changing policy from 2 to 0, cookie file: file:///Users/Luis/Library/Developer/CoreSimulator/Devices/875F71AF-7FFF-4902-9982-7CD73F3F7E4A/data/Containers/Data/Application/67DC295C-6AE3-4419-A3A4-C695250AF459/Library/Cookies/Cookies.binarycookies
2015-06-03 01:39:02.351 HelloCordova[21021:1174289] Apache Cordova native platform version 3.8.0 is starting.
2015-06-03 01:39:02.351 HelloCordova[21021:1174289] Multi-tasking -> Device: YES, App: YES
2015-06-03 01:39:02.354 HelloCordova[21021:1174289] Unlimited access to network resources
2015-06-03 01:39:02.356 HelloCordova[21021:1174289] 

Started backup to iCloud! Please be careful.
Your application might be rejected by Apple if you store too much data.
For more information please read "iOS Data Storage Guidelines" at:
https://developer.apple.com/icloud/documentation/data-storage/
To disable web storage backup to iCloud, set the BackupWebStorage preference to "local" in the Cordova config.xml file

2015-06-03 01:39:02.558 HelloCordova[21021:1174289] Resetting plugins due to page load.
2015-06-03 01:39:02.607 HelloCordova[21021:1174289] Finished load of: file:///Users/Luis/Library/Developer/CoreSimulator/Devices/875F71AF-7FFF-4902-9982-7CD73F3F7E4A/data/Containers/Bundle/Application/0D0BD60B-90E4-4B78-A8AC-C1C2F34A4032/HelloCordova.app/www/index.html
2015-06-03 01:42:32.548 HelloCordova[21104:1175783] DiskCookieStorage changing policy from 2 to 0, cookie file: file:///Users/Luis/Library/Developer/CoreSimulator/Devices/875F71AF-7FFF-4902-9982-7CD73F3F7E4A/data/Containers/Data/Application/96D66501-2100-4E3F-8FA9-6BC8ADDEB5BE/Library/Cookies/Cookies.binarycookies
2015-06-03 01:42:32.633 HelloCordova[21104:1175783] Apache Cordova native platform version 3.8.0 is starting.
2015-06-03 01:42:32.634 HelloCordova[21104:1175783] Multi-tasking -> Device: YES, App: YES
2015-06-03 01:42:32.636 HelloCordova[21104:1175783] Unlimited access to network resources
2015-06-03 01:42:32.639 HelloCordova[21104:1175783] 

Started backup to iCloud! Please be careful.
Your application might be rejected by Apple if you store too much data.
For more information please read "iOS Data Storage Guidelines" at:
https://developer.apple.com/icloud/documentation/data-storage/
To disable web storage backup to iCloud, set the BackupWebStorage preference to "local" in the Cordova config.xml file

2015-06-03 01:42:32.828 HelloCordova[21104:1175783] Resetting plugins due to page load.
2015-06-03 01:42:32.880 HelloCordova[21104:1175783] Finished load of: file:///Users/Luis/Library/Developer/CoreSimulator/Devices/875F71AF-7FFF-4902-9982-7CD73F3F7E4A/data/Containers/Bundle/Application/9873638A-8DA6-4F6F-AF0A-2CD93676EC5B/HelloCordova.app/www/index.html
2015-06-03 01:45:57.889 HelloCordova[21186:1177419] DiskCookieStorage changing policy from 2 to 0, cookie file: file:///Users/Luis/Library/Developer/CoreSimulator/Devices/875F71AF-7FFF-4902-9982-7CD73F3F7E4A/data/Containers/Data/Application/77B52D66-263B-4900-8E81-F416EA888A60/Library/Cookies/Cookies.binarycookies
2015-06-03 01:45:57.968 HelloCordova[21186:1177419] Apache Cordova native platform version 3.8.0 is starting.
2015-06-03 01:45:57.968 HelloCordova[21186:1177419] Multi-tasking -> Device: YES, App: YES
2015-06-03 01:45:57.970 HelloCordova[21186:1177419] Unlimited access to network resources
2015-06-03 01:45:57.973 HelloCordova[21186:1177419] 

Started backup to iCloud! Please be careful.
Your application might be rejected by Apple if you store too much data.
For more information please read "iOS Data Storage Guidelines" at:
https://developer.apple.com/icloud/documentation/data-storage/
To disable web storage backup to iCloud, set the BackupWebStorage preference to "local" in the Cordova config.xml file

2015-06-03 01:45:58.177 HelloCordova[21186:1177419] Resetting plugins due to page load.
2015-06-03 01:45:58.228 HelloCordova[21186:1177419] Finished load of: file:///Users/Luis/Library/Developer/CoreSimulator/Devices/875F71AF-7FFF-4902-9982-7CD73F3F7E4A/data/Containers/Bundle/Application/E53D5AA5-B1B4-4DBC-99B8-47D2F446C492/HelloCordova.app/www/index.html
2015-06-03 02:22:51.658 HelloCordova[21937:1192148] DiskCookieStorage changing policy from 2 to 0, cookie file: file:///Users/Luis/Library/Developer/CoreSimulator/Devices/875F71AF-7FFF-4902-9982-7CD73F3F7E4A/data/Containers/Data/Application/083F6F44-CB4B-4937-9829-ED18862B4B37/Library/Cookies/Cookies.binarycookies
2015-06-03 02:22:52.091 HelloCordova[21937:1192148] Apache Cordova native platform version 3.8.0 is starting.
2015-06-03 02:22:52.091 HelloCordova[21937:1192148] Multi-tasking -> Device: YES, App: YES
2015-06-03 02:22:52.110 HelloCordova[21937:1192148] Unlimited access to network resources
2015-06-03 02:22:52.122 HelloCordova[21937:1192148] 

Started backup to iCloud! Please be careful.
Your application might be rejected by Apple if you store too much data.
For more information please read "iOS Data Storage Guidelines" at:
https://developer.apple.com/icloud/documentation/data-storage/
To disable web storage backup to iCloud, set the BackupWebStorage preference to "local" in the Cordova config.xml file

2015-06-03 02:22:52.957 HelloCordova[21937:1192148] Resetting plugins due to page load.
2015-06-03 02:22:53.086 HelloCordova[21937:1192148] Finished load of: file:///Users/Luis/Library/Developer/CoreSimulator/Devices/875F71AF-7FFF-4902-9982-7CD73F3F7E4A/data/Containers/Bundle/Application/4A36FB04-3394-4D82-ADC7-A3FF4F0E0338/HelloCordova.app/www/index.html
2015-06-03 02:30:39.621 HelloCordova[22096:1195872] DiskCookieStorage changing policy from 2 to 0, cookie file: file:///Users/Luis/Library/Developer/CoreSimulator/Devices/875F71AF-7FFF-4902-9982-7CD73F3F7E4A/data/Containers/Data/Application/F4AAB9CD-0FFA-44DA-B739-9472E1961B8E/Library/Cookies/Cookies.binarycookies
2015-06-03 02:30:39.755 HelloCordova[22096:1195872] Apache Cordova native platform version 3.8.0 is starting.
2015-06-03 02:30:39.756 HelloCordova[22096:1195872] Multi-tasking -> Device: YES, App: YES
2015-06-03 02:30:39.757 HelloCordova[22096:1195872] Unlimited access to network resources
2015-06-03 02:30:39.760 HelloCordova[22096:1195872] 

Started backup to iCloud! Please be careful.
Your application might be rejected by Apple if you store too much data.
For more information please read "iOS Data Storage Guidelines" at:
https://developer.apple.com/icloud/documentation/data-storage/
To disable web storage backup to iCloud, set the BackupWebStorage preference to "local" in the Cordova config.xml file

2015-06-03 02:30:40.007 HelloCordova[22096:1195872] Resetting plugins due to page load.
2015-06-03 02:30:40.077 HelloCordova[22096:1195872] Finished load of: file:///Users/Luis/Library/Developer/CoreSimulator/Devices/875F71AF-7FFF-4902-9982-7CD73F3F7E4A/data/Containers/Bundle/Application/073ADEC6-0C31-40F0-B6A5-1412958DFFCD/HelloCordova.app/www/index.html
2015-06-03 02:35:04.417 HelloCordova[22228:1197936] DiskCookieStorage changing policy from 2 to 0, cookie file: file:///Users/Luis/Library/Developer/CoreSimulator/Devices/875F71AF-7FFF-4902-9982-7CD73F3F7E4A/data/Containers/Data/Application/29EFAE22-7D40-428E-9F1C-B4CDD9502872/Library/Cookies/Cookies.binarycookies
2015-06-03 02:35:04.513 HelloCordova[22228:1197936] Apache Cordova native platform version 3.8.0 is starting.
2015-06-03 02:35:04.513 HelloCordova[22228:1197936] Multi-tasking -> Device: YES, App: YES
2015-06-03 02:35:04.515 HelloCordova[22228:1197936] Unlimited access to network resources
2015-06-03 02:35:04.518 HelloCordova[22228:1197936] 

Started backup to iCloud! Please be careful.
Your application might be rejected by Apple if you store too much data.
For more information please read "iOS Data Storage Guidelines" at:
https://developer.apple.com/icloud/documentation/data-storage/
To disable web storage backup to iCloud, set the BackupWebStorage preference to "local" in the Cordova config.xml file

2015-06-03 02:35:04.757 HelloCordova[22228:1197936] Resetting plugins due to page load.
2015-06-03 02:35:04.811 HelloCordova[22228:1197936] Finished load of: file:///Users/Luis/Library/Developer/CoreSimulator/Devices/875F71AF-7FFF-4902-9982-7CD73F3F7E4A/data/Containers/Bundle/Application/8B1E518D-EF86-489D-A42B-07C62C1D377A/HelloCordova.app/www/index.html
2015-06-03 02:38:59.171 HelloCordova[22346:1200469] DiskCookieStorage changing policy from 2 to 0, cookie file: file:///Users/Luis/Library/Developer/CoreSimulator/Devices/875F71AF-7FFF-4902-9982-7CD73F3F7E4A/data/Containers/Data/Application/6EAC0348-565B-4D38-A0EB-E98DA2EA37B4/Library/Cookies/Cookies.binarycookies
2015-06-03 02:38:59.273 HelloCordova[22346:1200469] Apache Cordova native platform version 3.8.0 is starting.
2015-06-03 02:38:59.273 HelloCordova[22346:1200469] Multi-tasking -> Device: YES, App: YES
2015-06-03 02:38:59.275 HelloCordova[22346:1200469] Unlimited access to network resources
2015-06-03 02:38:59.278 HelloCordova[22346:1200469] 

Started backup to iCloud! Please be careful.
Your application might be rejected by Apple if you store too much data.
For more information please read "iOS Data Storage Guidelines" at:
https://developer.apple.com/icloud/documentation/data-storage/
To disable web storage backup to iCloud, set the BackupWebStorage preference to "local" in the Cordova config.xml file

2015-06-03 02:38:59.560 HelloCordova[22346:1200469] Resetting plugins due to page load.
2015-06-03 02:38:59.608 HelloCordova[22346:1200469] Finished load of: file:///Users/Luis/Library/Developer/CoreSimulator/Devices/875F71AF-7FFF-4902-9982-7CD73F3F7E4A/data/Containers/Bundle/Application/8439FA2D-6E41-40D9-B5F7-8E80E1891FE2/HelloCordova.app/www/index.html
2015-06-03 02:46:09.958 HelloCordova[22480:1203574] DiskCookieStorage changing policy from 2 to 0, cookie file: file:///Users/Luis/Library/Developer/CoreSimulator/Devices/875F71AF-7FFF-4902-9982-7CD73F3F7E4A/data/Containers/Data/Application/DF22595F-15C6-4DA1-B684-1E12F029C63B/Library/Cookies/Cookies.binarycookies
2015-06-03 02:46:10.053 HelloCordova[22480:1203574] Apache Cordova native platform version 3.8.0 is starting.
2015-06-03 02:46:10.054 HelloCordova[22480:1203574] Multi-tasking -> Device: YES, App: YES
2015-06-03 02:46:10.055 HelloCordova[22480:1203574] Unlimited access to network resources
2015-06-03 02:46:10.058 HelloCordova[22480:1203574] 

Started backup to iCloud! Please be careful.
Your application might be rejected by Apple if you store too much data.
For more information please read "iOS Data Storage Guidelines" at:
https://developer.apple.com/icloud/documentation/data-storage/
To disable web storage backup to iCloud, set the BackupWebStorage preference to "local" in the Cordova config.xml file

2015-06-03 02:46:10.338 HelloCordova[22480:1203574] Resetting plugins due to page load.
2015-06-03 02:46:10.449 HelloCordova[22480:1203574] Finished load of: file:///Users/Luis/Library/Developer/CoreSimulator/Devices/875F71AF-7FFF-4902-9982-7CD73F3F7E4A/data/Containers/Bundle/Application/9B9AEEC7-25D3-4149-8000-226A26C6BAB3/HelloCordova.app/www/index.html
2015-06-03 02:50:05.574 HelloCordova[22586:1205855] DiskCookieStorage changing policy from 2 to 0, cookie file: file:///Users/Luis/Library/Developer/CoreSimulator/Devices/875F71AF-7FFF-4902-9982-7CD73F3F7E4A/data/Containers/Data/Application/9DF7E0F1-03B5-46E0-9EB7-F6CB9F334F98/Library/Cookies/Cookies.binarycookies
2015-06-03 02:50:05.660 HelloCordova[22586:1205855] Apache Cordova native platform version 3.8.0 is starting.
2015-06-03 02:50:05.661 HelloCordova[22586:1205855] Multi-tasking -> Device: YES, App: YES
2015-06-03 02:50:05.662 HelloCordova[22586:1205855] Unlimited access to network resources
2015-06-03 02:50:05.665 HelloCordova[22586:1205855] 

Started backup to iCloud! Please be careful.
Your application might be rejected by Apple if you store too much data.
For more information please read "iOS Data Storage Guidelines" at:
https://developer.apple.com/icloud/documentation/data-storage/
To disable web storage backup to iCloud, set the BackupWebStorage preference to "local" in the Cordova config.xml file

2015-06-03 02:50:05.970 HelloCordova[22586:1205855] Resetting plugins due to page load.
2015-06-03 02:50:06.032 HelloCordova[22586:1205855] Finished load of: file:///Users/Luis/Library/Developer/CoreSimulator/Devices/875F71AF-7FFF-4902-9982-7CD73F3F7E4A/data/Containers/Bundle/Application/EF4C0489-79C6-47C7-B8A4-8641B6583A8B/HelloCordova.app/www/index.html
2015-06-03 11:32:50.448 HelloCordova[22961:1212087] DiskCookieStorage changing policy from 2 to 0, cookie file: file:///Users/Luis/Library/Developer/CoreSimulator/Devices/875F71AF-7FFF-4902-9982-7CD73F3F7E4A/data/Containers/Data/Application/B7058EF9-8770-48E1-9905-A4DE5FD0506B/Library/Cookies/Cookies.binarycookies
2015-06-03 11:32:50.809 HelloCordova[22961:1212087] Apache Cordova native platform version 3.8.0 is starting.
2015-06-03 11:32:50.809 HelloCordova[22961:1212087] Multi-tasking -> Device: YES, App: YES
2015-06-03 11:32:50.829 HelloCordova[22961:1212087] Unlimited access to network resources
2015-06-03 11:32:50.841 HelloCordova[22961:1212087] 

Started backup to iCloud! Please be careful.
Your application might be rejected by Apple if you store too much data.
For more information please read "iOS Data Storage Guidelines" at:
https://developer.apple.com/icloud/documentation/data-storage/
To disable web storage backup to iCloud, set the BackupWebStorage preference to "local" in the Cordova config.xml file

2015-06-03 11:32:51.526 HelloCordova[22961:1212087] Resetting plugins due to page load.
2015-06-03 11:32:51.649 HelloCordova[22961:1212087] Finished load of: file:///Users/Luis/Library/Developer/CoreSimulator/Devices/875F71AF-7FFF-4902-9982-7CD73F3F7E4A/data/Containers/Bundle/Application/86D857D2-C499-41A7-95EC-78A5F232A385/HelloCordova.app/www/index.html
2015-06-03 11:40:43.689 HelloCordova[23078:1214527] DiskCookieStorage changing policy from 2 to 0, cookie file: file:///Users/Luis/Library/Developer/CoreSimulator/Devices/875F71AF-7FFF-4902-9982-7CD73F3F7E4A/data/Containers/Data/Application/A9652CE2-71E6-40F0-B263-093E85707028/Library/Cookies/Cookies.binarycookies
2015-06-03 11:40:43.773 HelloCordova[23078:1214527] Apache Cordova native platform version 3.8.0 is starting.
2015-06-03 11:40:43.774 HelloCordova[23078:1214527] Multi-tasking -> Device: YES, App: YES
2015-06-03 11:40:43.775 HelloCordova[23078:1214527] Unlimited access to network resources
2015-06-03 11:40:43.778 HelloCordova[23078:1214527] 

Started backup to iCloud! Please be careful.
Your application might be rejected by Apple if you store too much data.
For more information please read "iOS Data Storage Guidelines" at:
https://developer.apple.com/icloud/documentation/data-storage/
To disable web storage backup to iCloud, set the BackupWebStorage preference to "local" in the Cordova config.xml file

2015-06-03 11:40:43.920 HelloCordova[23078:1214527] Resetting plugins due to page load.
2015-06-03 11:40:43.975 HelloCordova[23078:1214527] Finished load of: file:///Users/Luis/Library/Developer/CoreSimulator/Devices/875F71AF-7FFF-4902-9982-7CD73F3F7E4A/data/Containers/Bundle/Application/09BA2B05-15BA-494C-82C3-A0351CD4063C/HelloCordova.app/www/index.html
2015-06-03 11:42:01.526 HelloCordova[23137:1215135] DiskCookieStorage changing policy from 2 to 0, cookie file: file:///Users/Luis/Library/Developer/CoreSimulator/Devices/875F71AF-7FFF-4902-9982-7CD73F3F7E4A/data/Containers/Data/Application/F3EFD63E-D60D-47C3-AC95-ED47ADE53E3F/Library/Cookies/Cookies.binarycookies
2015-06-03 11:42:01.608 HelloCordova[23137:1215135] Apache Cordova native platform version 3.8.0 is starting.
2015-06-03 11:42:01.609 HelloCordova[23137:1215135] Multi-tasking -> Device: YES, App: YES
2015-06-03 11:42:01.611 HelloCordova[23137:1215135] Unlimited access to network resources
2015-06-03 11:42:01.614 HelloCordova[23137:1215135] 

Started backup to iCloud! Please be careful.
Your application might be rejected by Apple if you store too much data.
For more information please read "iOS Data Storage Guidelines" at:
https://developer.apple.com/icloud/documentation/data-storage/
To disable web storage backup to iCloud, set the BackupWebStorage preference to "local" in the Cordova config.xml file

2015-06-03 11:42:01.784 HelloCordova[23137:1215135] Resetting plugins due to page load.
2015-06-03 11:42:01.833 HelloCordova[23137:1215135] Finished load of: file:///Users/Luis/Library/Developer/CoreSimulator/Devices/875F71AF-7FFF-4902-9982-7CD73F3F7E4A/data/Containers/Bundle/Application/80F572C6-CFBF-4A9C-9516-4C0567ECB3AA/HelloCordova.app/www/index.html
2015-06-03 11:44:24.738 HelloCordova[23229:1216366] DiskCookieStorage changing policy from 2 to 0, cookie file: file:///Users/Luis/Library/Developer/CoreSimulator/Devices/875F71AF-7FFF-4902-9982-7CD73F3F7E4A/data/Containers/Data/Application/957E9DFB-358D-4E81-8731-B7CF9CD576EB/Library/Cookies/Cookies.binarycookies
2015-06-03 11:44:24.821 HelloCordova[23229:1216366] Apache Cordova native platform version 3.8.0 is starting.
2015-06-03 11:44:24.821 HelloCordova[23229:1216366] Multi-tasking -> Device: YES, App: YES
2015-06-03 11:44:24.823 HelloCordova[23229:1216366] Unlimited access to network resources
2015-06-03 11:44:24.826 HelloCordova[23229:1216366] 

Started backup to iCloud! Please be careful.
Your application might be rejected by Apple if you store too much data.
For more information please read "iOS Data Storage Guidelines" at:
https://developer.apple.com/icloud/documentation/data-storage/
To disable web storage backup to iCloud, set the BackupWebStorage preference to "local" in the Cordova config.xml file

2015-06-03 11:44:25.024 HelloCordova[23229:1216366] Resetting plugins due to page load.
2015-06-03 11:44:25.092 HelloCordova[23229:1216366] Finished load of: file:///Users/Luis/Library/Developer/CoreSimulator/Devices/875F71AF-7FFF-4902-9982-7CD73F3F7E4A/data/Containers/Bundle/Application/96CF7FC8-3E9A-4CDA-9BC7-B508F32E616F/HelloCordova.app/www/index.html
